3 800113fc li      a3,65                    a3 <- 0x00000041
3 80011400 sb      a3,536(s3)               [0x80016218] <- 0x00000041
3 80011404 li      a3,66                    a3 <- 0x00000042
3 80011408 sb      a3,537(s0)               [0x80016219] <- 0x00000042
3 8001140c lw      a3,0(sp)                 a3 <~ 0x59524844 [0x80007f4c]
3 80011410 lbu     a4,30(s8)                a4 <~ 0x00000000 [0x800120e6]
3 80011414 li      a5,1                     a5 <- 0x00000001
3 80011418 sw      a3,80(sp)                [0x80007f9c] <- 0x59524844
3 8001141c lw      a3,4(sp)                 a3 <~ 0x4e4f5453 [0x80007f50]
3 80011420 addi    a1,sp,80                 a1 <- 0x80007f9c
3 80011424 addi    a0,sp,48                 a0 <- 0x80007f7c
3 80011428 sw      a3,84(sp)                [0x80007fa0] <- 0x4e4f5453
3 8001142c lw      a3,8(sp)                 a3 <~ 0x52502045 [0x80007f54]
3 80011430 sb      a4,110(sp)               [0x80007fba] <- 0x00000000
3 80011434 sw      a5,748(s4)               [0x800162ec] <- 0x00000001
3 80011438 sw      a3,88(sp)                [0x80007fa4] <- 0x52502045
3 8001143c lw      a3,12(sp)                a3 <~ 0x4152474f [0x80007f58]
3 80011440 sw      a5,44(sp)                [0x80007f78] <- 0x00000001
3 80011444 li      s11,65                   s11 <- 0x00000041
3 80011448 sw      a3,92(sp)                [0x80007fa8] <- 0x4152474f
3 8001144c lw      a3,16(sp)                a3 <~ 0x32202c4d [0x80007f5c]
3 80011450 li      s2,3                     s2 <- 0x00000003
3 80011454 addi    s5,s10,232               s5 <- 0x800120e8
3 80011458 sw      a3,96(sp)                [0x80007fac] <- 0x32202c4d
3 8001145c lw      a3,20(sp)                a3 <~ 0x20444e27 [0x80007f60]
3 80011460 sw      a3,100(sp)               [0x80007fb0] <- 0x20444e27
3 80011464 lw      a3,24(sp)                a3 <~ 0x49525453 [0x80007f64]
3 80011468 sw      a3,104(sp)               [0x80007fb4] <- 0x49525453
3 8001146c lhu     a3,30(sp)                a3 <~ 0x0000474e [0x80007f6a]
3 80011470 sh      a3,108(sp)               [0x80007fb8] <- 0x0000474e
3 80011474 jal     ffffffff80000454         ra <- 0x80011478
3 80000454 lbu     a4,2(a0)                 a4 <~ 0x00000052 [0x80007f7e]
3 80000458 lbu     a5,3(a1)                 a5 <~ 0x00000059 [0x80007f9f]
3 8000045c beq     a4,a5,ffffffff80000494
3 80000460 addi    sp,sp,-16                sp <- 0x80007f3c
3 80000464 sw      ra,12(sp)                [0x80007f48] <- 0x80011478
3 80000468 jal     ffffffff80001124         ra <- 0x8000046c
3 80001124 or      a4,a0,a1                 a4 <- 0x80007ffc
3 80001128 li      t2,-1                    t2 <- 0xffffffff
3 8000112c andi    a4,a4,3                  a4 <- 0x00000000
3 80001130 bnez    a4,ffffffff80001230
3 80001134 lui     a5,0x7f7f8               a5 <- 0x7f7f8000
3 80001138 addi    a5,a5,-129               a5 <- 0x7f7f7f7f
3 8000113c lw      a2,0(a0)                 a2 <~ 0x59524844 [0x80007f7c]
3 80001140 lw      a3,0(a1)                 a3 <~ 0x59524844 [0x80007f9c]
3 80001144 and     t0,a2,a5                 t0 <- 0x59524844
3 80001148 or      t1,a2,a5                 t1 <- 0x7f7f7f7f
3 8000114c add     t0,t0,a5                 t0 <- 0xd8d1c7c3
3 80001150 or      t0,t0,t1                 t0 <- 0xffffffff
3 80001154 bne     t0,t2,ffffffff80001258
3 80001158 bne     a2,a3,ffffffff800011e4
3 8000115c lw      a2,4(a0)                 a2 <~ 0x4e4f5453 [0x80007f80]
3 80001160 lw      a3,4(a1)                 a3 <~ 0x4e4f5453 [0x80007fa0]
3 80001164 and     t0,a2,a5                 t0 <- 0x4e4f5453
3 80001168 or      t1,a2,a5                 t1 <- 0x7f7f7f7f
3 8000116c add     t0,t0,a5                 t0 <- 0xcdced3d2
3 80001170 or      t0,t0,t1                 t0 <- 0xffffffff
3 80001174 bne     t0,t2,ffffffff80001250
3 80001178 bne     a2,a3,ffffffff800011e4
3 8000117c lw      a2,8(a0)                 a2 <~ 0x52502045 [0x80007f84]
3 80001180 lw      a3,8(a1)                 a3 <~ 0x52502045 [0x80007fa4]
3 80001184 and     t0,a2,a5                 t0 <- 0x52502045
3 80001188 or      t1,a2,a5                 t1 <- 0x7f7f7f7f
3 8000118c add     t0,t0,a5                 t0 <- 0xd1cf9fc4
3 80001190 or      t0,t0,t1                 t0 <- 0xffffffff
3 80001194 bne     t0,t2,ffffffff80001264
3 80001198 bne     a2,a3,ffffffff800011e4
3 8000119c lw      a2,12(a0)                a2 <~ 0x4152474f [0x80007f88]
3 800011a0 lw      a3,12(a1)                a3 <~ 0x4152474f [0x80007fa8]
3 800011a4 and     t0,a2,a5                 t0 <- 0x4152474f
3 800011a8 or      t1,a2,a5                 t1 <- 0x7f7f7f7f
3 800011ac add     t0,t0,a5                 t0 <- 0xc0d1c6ce
3 800011b0 or      t0,t0,t1                 t0 <- 0xffffffff
3 800011b4 bne     t0,t2,ffffffff80001278
3 800011b8 bne     a2,a3,ffffffff800011e4
3 800011bc lw      a2,16(a0)                a2 <~ 0x31202c4d [0x80007f8c]
3 800011c0 lw      a3,16(a1)                a3 <~ 0x32202c4d [0x80007fac]
3 800011c4 and     t0,a2,a5                 t0 <- 0x31202c4d
3 800011c8 or      t1,a2,a5                 t1 <- 0x7f7f7f7f
3 800011cc add     t0,t0,a5                 t0 <- 0xb09fabcc
3 800011d0 or      t0,t0,t1                 t0 <- 0xffffffff
3 800011d4 bne     t0,t2,ffffffff8000128c
3 800011d8 addi    a0,a0,20                 a0 <- 0x80007f90
3 800011dc addi    a1,a1,20                 a1 <- 0x80007fb0
3 800011e0 beq     a2,a3,ffffffff8000113c
3 800011e4 slli    a4,a2,0x10               a4 <- 0x2c4d0000
3 800011e8 slli    a5,a3,0x10               a5 <- 0x2c4d0000
3 800011ec bne     a4,a5,ffffffff80001208
3 800011f0 srli    a4,a2,0x10               a4 <- 0x00003120
3 800011f4 srli    a5,a3,0x10               a5 <- 0x00003220
3 800011f8 sub     a0,a4,a5                 a0 <- 0xffffff00
3 800011fc andi    a1,a0,255                a1 <- 0x00000000
3 80001200 bnez    a1,ffffffff80001220
3 80001204 ret
3 8000046c li      a5,0                     a5 <- 0x00000000
3 80000470 bge     zero,a0,ffffffff80000484
3 80000484 lw      ra,12(sp)                ra <~ 0x80011478 [0x80007f48]
3 80000488 mv      a0,a5                    a0 <- 0x00000000
3 8000048c addi    sp,sp,16                 sp <- 0x80007f4c
3 80000490 ret
3 80011478 sltiu   a5,a0,1                  a5 <- 0x00000001
3 8001147c addi    a2,sp,40                 a2 <- 0x80007f74
3 80011480 li      a1,3                     a1 <- 0x00000003
3 80011484 sw      a5,748(s4)               [0x800162ec] <- 0x00000001
3 80011488 li      a0,2                     a0 <- 0x00000002
3 8001148c li      a5,7                     a5 <- 0x00000007
3 80011490 sw      a5,40(sp)                [0x80007f74] <- 0x00000007
3 80011494 jal     ffffffff800003ac         ra <- 0x80011498
3 800003ac addi    a0,a0,2                  a0 <- 0x00000004
3 800003b0 add     a1,a0,a1                 a1 <- 0x00000007
3 800003b4 sw      a1,0(a2)                 [0x80007f74] <- 0x00000007
3 800003b8 ret
3 80011498 lw      a3,40(sp)                a3 <~ 0x00000007 [0x80007f74]
3 8001149c lui     a5,0x80014               a5 <- 0x80014000
3 800114a0 addi    a1,a5,-1284              a1 <- 0x80013afc
3 800114a4 lui     a5,0x80016               a5 <- 0x80016000
3 800114a8 li      a2,3                     a2 <- 0x00000003
3 800114ac addi    a0,a5,548                a0 <- 0x80016224
3 800114b0 jal     ffffffff800003bc         ra <- 0x800114b4
3 800003bc addi    a4,a2,5                  a4 <- 0x00000008
3 800003c0 slli    a5,a4,0x1                a5 <- 0x00000010
3 800003c4 add     a5,a5,a4                 a5 <- 0x00000018
3 800003c8 slli    a5,a5,0x3                a5 <- 0x000000c0
3 800003cc add     a5,a5,a4                 a5 <- 0x000000c8
3 800003d0 slli    a2,a2,0x2                a2 <- 0x0000000c
3 800003d4 slli    a6,a4,0x2                a6 <- 0x00000020
3 800003d8 slli    a5,a5,0x3                a5 <- 0x00000640
3 800003dc add     a0,a0,a6                 a0 <- 0x80016244
3 800003e0 add     a6,a2,a5                 a6 <- 0x0000064c
3 800003e4 sw      a3,0(a0)                 [0x80016244] <- 0x00000007
3 800003e8 sw      a3,4(a0)                 [0x80016248] <- 0x00000007
3 800003ec sw      a4,120(a0)               [0x800162bc] <- 0x00000008
3 800003f0 add     a3,a1,a6                 a3 <- 0x80014148
3 800003f4 lw      a6,16(a3)                a6 <~ 0x0000000c [0x80014158]
3 800003f8 sw      a4,20(a3)                [0x8001415c] <- 0x00000008
3 800003fc sw      a4,24(a3)                [0x80014160] <- 0x00000008
3 80000400 addi    a4,a6,1                  a4 <- 0x0000000d
3 80000404 sw      a4,16(a3)                [0x80014158] <- 0x0000000d
3 80000408 lw      a4,0(a0)                 a4 <~ 0x00000007 [0x80016244]
3 8000040c add     a1,a1,a2                 a1 <- 0x80013b08
3 80000410 add     a5,a1,a5                 a5 <- 0x80014148
3 80000414 lui     a1,0x1                   a1 <- 0x00001000
3 80000418 add     a5,a1,a5                 a5 <- 0x80015148
3 8000041c sw      a4,-76(a5)               [0x800150fc] <- 0x00000007
3 80000420 lui     a5,0x80016               a5 <- 0x80016000
3 80000424 li      a4,5                     a4 <- 0x00000005
3 80000428 sw      a4,532(a5)               [0x80016214] <- 0x00000005
3 8000042c ret
3 800114b4 lw      a0,540(s9)               a0 <~ 0x80016338 [0x8001621c]
3 800114b8 jal     ffffffff8000013c         ra <- 0x800114bc
3 8000013c addi    sp,sp,-16                sp <- 0x80007f3c
3 80000140 sw      s2,0(sp)                 [0x80007f3c] <- 0x00000003
3 80000144 lui     s2,0x80016               s2 <- 0x80016000
3 80000148 lw      a5,540(s2)               a5 <~ 0x80016338 [0x8001621c]
3 8000014c sw      s0,8(sp)                 [0x80007f44] <- 0x80016000
3 80000150 lw      s0,0(a0)                 s0 <~ 0x80016300 [0x80016338]
3 80000154 lw      a3,0(a5)                 a3 <~ 0x80016300 [0x80016338]
3 80000158 lw      t5,4(a5)                 t5 <~ 0x00000000 [0x8001633c]
3 8000015c lw      t4,8(a5)                 t4 <~ 0x00000002 [0x80016340]
3 80000160 lw      t3,16(a5)                t3 <~ 0x59524844 [0x80016348]
3 80000164 lw      t1,20(a5)                t1 <~ 0x4e4f5453 [0x8001634c]
3 80000168 lw      a7,24(a5)                a7 <~ 0x52502045 [0x80016350]
3 8000016c lw      a6,28(a5)                a6 <~ 0x4152474f [0x80016354]
3 80000170 lw      a2,40(a5)                a2 <~ 0x49525453 [0x80016360]
3 80000174 lw      a4,44(a5)                a4 <~ 0x0000474e [0x80016364]
3 80000178 sw      ra,12(sp)                [0x80007f48] <- 0x800114bc
3 8000017c sw      s1,4(sp)                 [0x80007f40] <- 0x00000002
3 80000180 lw      a1,36(a5)                a1 <~ 0x20454d4f [0x8001635c]
3 80000184 mv      s1,a0                    s1 <- 0x80016338
3 80000188 lw      a0,32(a5)                a0 <~ 0x53202c4d [0x80016358]
3 8000018c sw      a3,0(s0)                 [0x80016300] <- 0x80016300
3 80000190 lw      a3,0(s1)                 a3 <~ 0x80016300 [0x80016338]
3 80000194 sw      t5,4(s0)                 [0x80016304] <- 0x00000000
3 80000198 sw      t4,8(s0)                 [0x80016308] <- 0x00000002
3 8000019c sw      t3,16(s0)                [0x80016310] <- 0x59524844
3 800001a0 sw      t1,20(s0)                [0x80016314] <- 0x4e4f5453
3 800001a4 sw      a7,24(s0)                [0x80016318] <- 0x52502045
3 800001a8 sw      a6,28(s0)                [0x8001631c] <- 0x4152474f
3 800001ac sw      a0,32(s0)                [0x80016320] <- 0x53202c4d
3 800001b0 sw      a2,40(s0)                [0x80016328] <- 0x49525453
3 800001b4 sw      a4,44(s0)                [0x8001632c] <- 0x0000474e
3 800001b8 sw      a1,36(s0)                [0x80016324] <- 0x20454d4f
3 800001bc li      a4,5                     a4 <- 0x00000005
3 800001c0 sw      a4,12(s1)                [0x80016344] <- 0x00000005
3 800001c4 sw      a3,0(s0)                 [0x80016300] <- 0x80016300
3 800001c8 lw      a5,0(a5)                 a5 <~ 0x80016300 [0x80016338]
3 800001cc lui     a3,0x80016               a3 <- 0x80016000
3 800001d0 lw      a1,532(a3)               a1 <~ 0x00000005 [0x80016214]
3 800001d4 sw      a5,0(s0)                 [0x80016300] <- 0x80016300
3 800001d8 lw      a2,540(s2)               a2 <~ 0x80016338 [0x8001621c]
3 800001dc sw      a4,12(s0)                [0x8001630c] <- 0x00000005
3 800001e0 li      a0,10                    a0 <- 0x0000000a
3 800001e4 addi    a2,a2,12                 a2 <- 0x80016344
3 800001e8 jal     ffffffff800003ac         ra <- 0x800001ec
3 800003ac addi    a0,a0,2                  a0 <- 0x0000000c
3 800003b0 add     a1,a0,a1                 a1 <- 0x00000011
3 800003b4 sw      a1,0(a2)                 [0x80016344] <- 0x00000011
3 800003b8 ret
3 800001ec lw      a5,4(s0)                 a5 <~ 0x00000000 [0x80016304]
3 800001f0 beqz    a5,ffffffff80000270
3 80000270 lw      a0,8(s1)                 a0 <~ 0x00000002 [0x80016340]
3 80000274 li      a5,6                     a5 <- 0x00000006
3 80000278 addi    a1,s0,8                  a1 <- 0x80016308
3 8000027c sw      a5,12(s0)                [0x8001630c] <- 0x00000006
3 80000280 jal     ffffffff80000358         ra <- 0x80000284
3 80000358 li      a5,2                     a5 <- 0x00000002
3 8000035c beq     a0,a5,ffffffff80000388
3 80000388 li      a5,1                     a5 <- 0x00000001
3 8000038c sw      a5,0(a1)                 [0x80016308] <- 0x00000001
3 80000390 ret
3 80000284 lw      a5,540(s2)               a5 <~ 0x80016338 [0x8001621c]
3 80000288 lw      a0,12(s0)                a0 <~ 0x00000006 [0x8001630c]
3 8000028c addi    a2,s0,12                 a2 <- 0x8001630c
3 80000290 lw      a5,0(a5)                 a5 <~ 0x80016300 [0x80016338]
3 80000294 lw      ra,12(sp)                ra <~ 0x800114bc [0x80007f48]
3 80000298 lw      s1,4(sp)                 s1 <~ 0x00000002 [0x80007f40]
3 8000029c sw      a5,0(s0)                 [0x80016300] <- 0x80016300
3 800002a0 lw      s0,8(sp)                 s0 <~ 0x80016000 [0x80007f44]
3 800002a4 lw      s2,0(sp)                 s2 <~ 0x00000003 [0x80007f3c]
3 800002a8 li      a1,10                    a1 <- 0x0000000a
3 800002ac addi    sp,sp,16                 sp <- 0x80007f4c
3 800002b0 j       ffffffff800003ac
3 800003ac addi    a0,a0,2                  a0 <- 0x00000008
3 800003b0 add     a1,a0,a1                 a1 <- 0x00000012
3 800003b4 sw      a1,0(a2)                 [0x8001630c] <- 0x00000012
3 800003b8 ret
3 800114bc lbu     a3,537(s0)               a3 <~ 0x00000042 [0x80016219]
3 800114c0 li      a4,64                    a4 <- 0x00000040
3 800114c4 bgeu    a4,a3,ffffffff80011b04
3 800114c8 mv      a0,s11                   a0 <- 0x00000041
3 800114cc li      a1,67                    a1 <- 0x00000043
3 800114d0 jal     ffffffff80000430         ra <- 0x800114d4
3 80000430 andi    a0,a0,255                a0 <- 0x00000041
3 80000434 andi    a1,a1,255                a1 <- 0x00000043
3 80000438 beq     a0,a1,ffffffff80000444
3 8000043c li      a0,0                     a0 <- 0x00000000
3 80000440 ret
3 800114d4 lw      a5,44(sp)                a5 <~ 0x00000001 [0x80007f78]
3 800114d8 addi    a4,s11,1                 a4 <- 0x00000042
3 800114dc beq     a0,a5,ffffffff80011a98
3 800114e0 lbu     a5,537(s0)               a5 <~ 0x00000042 [0x80016219]
3 800114e4 andi    s11,a4,255               s11 <- 0x00000042
3 800114e8 bgeu    a5,s11,ffffffff800114c8
3 800114c8 mv      a0,s11                   a0 <- 0x00000042
3 800114cc li      a1,67                    a1 <- 0x00000043
3 800114d0 jal     ffffffff80000430         ra <- 0x800114d4
3 80000430 andi    a0,a0,255                a0 <- 0x00000042
3 80000434 andi    a1,a1,255                a1 <- 0x00000043
3 80000438 beq     a0,a1,ffffffff80000444
3 8000043c li      a0,0                     a0 <- 0x00000000
3 80000440 ret
3 800114d4 lw      a5,44(sp)                a5 <~ 0x00000001 [0x80007f78]
3 800114d8 addi    a4,s11,1                 a4 <- 0x00000043
3 800114dc beq     a0,a5,ffffffff80011a98
3 800114e0 lbu     a5,537(s0)               a5 <~ 0x00000042 [0x80016219]
3 800114e4 andi    s11,a4,255               s11 <- 0x00000043
3 800114e8 bgeu    a5,s11,ffffffff800114c8
3 800114ec slli    a5,s2,0x1                a5 <- 0x00000006
3 800114f0 add     s2,a5,s2                 s2 <- 0x00000009
3 800114f4 lw      s5,40(sp)                s5 <~ 0x00000007 [0x80007f74]
3 800114f8 mv      a0,s2                    a0 <- 0x00000009
3 800114fc mv      a1,s5                    a1 <- 0x00000007
3 80011500 jal     ffffffff80000560         ra <- 0x80011504
3 80000560 bltz    a0,ffffffff800005c0
3 80000564 bltz    a1,ffffffff800005d0
3 80000568 mv      a2,a1                    a2 <- 0x00000007
3 8000056c mv      a1,a0                    a1 <- 0x00000009
3 80000570 li      a0,-1                    a0 <- 0xffffffff
3 80000574 beqz    a2,ffffffff800005ac
3 80000578 li      a3,1                     a3 <- 0x00000001
3 8000057c bgeu    a2,a1,ffffffff80000590
3 80000580 bge     zero,a2,ffffffff80000590
3 80000584 slli    a2,a2,0x1                a2 <- 0x0000000e
3 80000588 slli    a3,a3,0x1                a3 <- 0x00000002
3 8000058c bltu    a2,a1,ffffffff80000580
3 80000590 li      a0,0                     a0 <- 0x00000000
3 80000594 bltu    a1,a2,ffffffff800005a0
3 800005a0 srli    a3,a3,0x1                a3 <- 0x00000001
3 800005a4 srli    a2,a2,0x1                a2 <- 0x00000007
3 800005a8 bnez    a3,ffffffff80000594
3 80000594 bltu    a1,a2,ffffffff800005a0
3 80000598 sub     a1,a1,a2                 a1 <- 0x00000002
3 8000059c or      a0,a0,a3                 a0 <- 0x00000001
3 800005a0 srli    a3,a3,0x1                a3 <- 0x00000000
3 800005a4 srli    a2,a2,0x1                a2 <- 0x00000003
3 800005a8 bnez    a3,ffffffff80000594
3 800005ac ret
3 80011504 lbu     a2,536(s3)               a2 <~ 0x00000041 [0x80016218]
3 80011508 li      a3,65                    a3 <- 0x00000041
3 8001150c mv      a4,a0                    a4 <- 0x00000001
3 80011510 bne     a2,a3,ffffffff80011520
3 80011514 lw      a3,532(s6)               a3 <~ 0x00000005 [0x80016214]
3 80011518 addi    a4,a0,9                  a4 <- 0x0000000a
3 8001151c sub     a4,a4,a3                 a4 <- 0x00000005
3 80011520 addi    s1,s1,1                  s1 <- 0x00000003
3 80011524 li      a3,101                   a3 <- 0x00000065
3 80011528 bne     s1,a3,ffffffff800113fc
